<?xml version="1.0" encoding="UTF-8"?>
<!-- Generated by org.testng.reporters.JUnitXMLReporter -->
<testsuite ignored="1" hostname="MSGN21027" failures="3" tests="13" name="Personal loan" time="0.08" errors="0" timestamp="2025-05-02T14:45:15 MESZ">
  <testcase classname="msg.group.basics.Day1" name="firstDemo" time="0.008">
    <failure type="java.lang.AssertionError" message="expected [true] but found [false]">
      <![CDATA[java.lang.AssertionError: expected [true] but found [false]
at msg.group.basics.Day1.firstDemo(Day1.java:27)
at java.base/java.util.ArrayList.forEach(ArrayList.java:1511)
... Removed 31 stack frames]]>
    </failure>
  </testcase> <!-- firstDemo -->
  <testcase classname="msg.group.basics.Day1" name="secondTest" time="0.001"/>
  <testcase classname="msg.group.basics.Day2" name="pLoan" time="0.001"/>
  <testcase classname="msg.group.basics.Day3" name="logoutAPICarLoan" time="0.003"/>
  <testcase classname="msg.group.basics.Day3" name="mobileLoginCarLoan" time="0.001"/>
  <testcase classname="msg.group.basics.Day3" name="mobileSignOutCarLoan" time="0.0"/>
  <testcase classname="msg.group.basics.Day3" name="mobileSignOutCarLoan" time="0.001"/>
  <testcase classname="msg.group.basics.Day3" name="mobileSignOutCarLoan" time="0.0"/>
  <testcase classname="msg.group.basics.Day3" name="webLoginCarLoan" time="0.0">
    <failure type="org.testng.TestNGException" message="
Parameter &amp;apos;URL&amp;apos; is required by @Test on method webLoginCarLoan but has not been marked @Optional or defined
in C:\Users\rosink\eclipse-workspace-SeleniumWebDriverWithJava\TestNGTutorial\testng2.xml">
      <![CDATA[org.testng.TestNGException: 
Parameter 'URL' is required by @Test on method webLoginCarLoan but has not been marked @Optional or defined
in C:\Users\rosink\eclipse-workspace-SeleniumWebDriverWithJava\TestNGTutorial\testng2.xml
at java.base/java.util.ArrayList.forEach(ArrayList.java:1511)
... Removed 26 stack frames]]>
    </failure>
  </testcase> <!-- webLoginCarLoan -->
  <testcase classname="msg.group.basics.Day3" name="loginAPICarLoan" time="0.0">
    <skipped/>
  </testcase> <!-- loginAPICarLoan -->
  <testcase classname="msg.group.basics.Day4" name="loginAPIHomeLoan" time="0.001"/>
  <testcase classname="msg.group.basics.Day4" name="mobileLoginHomeLoan" time="0.0">
    <failure type="org.testng.TestNGException" message="
Parameter &amp;apos;URL&amp;apos; is required by @Test on method mobileLoginHomeLoan but has not been marked @Optional or defined
in C:\Users\rosink\eclipse-workspace-SeleniumWebDriverWithJava\TestNGTutorial\testng2.xml">
      <![CDATA[org.testng.TestNGException: 
Parameter 'URL' is required by @Test on method mobileLoginHomeLoan but has not been marked @Optional or defined
in C:\Users\rosink\eclipse-workspace-SeleniumWebDriverWithJava\TestNGTutorial\testng2.xml
at java.base/java.util.ArrayList.forEach(ArrayList.java:1511)
... Removed 26 stack frames]]>
    </failure>
  </testcase> <!-- mobileLoginHomeLoan -->
  <testcase classname="msg.group.basics.Day4" name="webLoginHomeLoan" time="0.0"/>
  <testcase classname="msg.group.basics.Day3" name="mobileSignInCarLoan" time="0.0">
    <ignored/>
  </testcase> <!-- mobileSignInCarLoan -->
</testsuite> <!-- Personal loan -->
